Построение начато 09.09.2020 12:50:03.
     1>Проект "\\MASTER\Work\19вв2\Аниськин, Пристяжнюк\lab1_\lab1\lab1\lab1.vcxproj" в узле 2 (целевые объекты build).
     1>InitializeBuildStatus:
         Создание "Debug\lab1.unsuccessfulbuild", так как было задано "AlwaysCreate".
       ClCompile:
         C:\Program Files (x86)\Microsoft Visual Studio 10.0\VC\bin\CL.exe /c /ZI /nologo /W3 /WX- /Od /Oy- /D WIN32 /D _DEBUG /D _CONSOLE /D _UNICODE /D UNICODE /Gm /EHsc /RTC1 /MDd /GS /fp:precise /Zc:wchar_t /Zc:forScope /Fo"Debug\\" /Fd"Debug\vc100.pdb" /Gd /TP /analyze- /errorReport:prompt func.cpp source.cpp
         source.cpp
         func.cpp
     1>\\master\work\19вв2\аниськин, пристяжнюк\lab1_\lab1\lab1\func.cpp(37): warning C4244: аргумент: преобразование "time_t" в "unsigned int", возможна потеря данных
     1>\\master\work\19вв2\аниськин, пристяжнюк\lab1_\lab1\lab1\func.cpp(35): warning C4101: temp: неиспользованная локальная переменная
     1>\\master\work\19вв2\аниськин, пристяжнюк\lab1_\lab1\lab1\func.cpp(55): warning C4244: аргумент: преобразование "time_t" в "unsigned int", возможна потеря данных
     1>\\master\work\19вв2\аниськин, пристяжнюк\lab1_\lab1\lab1\func.cpp(81): warning C4244: аргумент: преобразование "time_t" в "unsigned int", возможна потеря данных
         Создание кода...
       ManifestResourceCompile:
         C:\Program Files (x86)\Microsoft SDKs\Windows\v7.0A\bin\rc.exe /nologo /fo"Debug\lab1.exe.embed.manifest.res" Debug\lab1_manifest.rc 
       Link:
         C:\Program Files (x86)\Microsoft Visual Studio 10.0\VC\bin\link.exe /ERRORREPORT:PROMPT /OUT:"\\MASTER\Work\19вв2\Аниськин, Пристяжнюк\lab1_\lab1\Debug\lab1.exe" /INCREMENTAL /NOLOGO kernel32.lib user32.lib gdi32.lib winspool.lib comdlg32.lib advapi32.lib shell32.lib ole32.lib oleaut32.lib uuid.lib odbc32.lib odbccp32.lib /MANIFEST /ManifestFile:"Debug\lab1.exe.intermediate.manifest" /MANIFESTUAC:"level='asInvoker' uiAccess='false'" /DEBUG /PDB:"\\MASTER\Work\19вв2\Аниськин, Пристяжнюк\lab1_\lab1\Debug\lab1.pdb" /SUBSYSTEM:CONSOLE /TLBID:1 /DYNAMICBASE /NXCOMPAT /IMPLIB:"\\MASTER\Work\19вв2\Аниськин, Пристяжнюк\lab1_\lab1\Debug\lab1.lib" /MACHINE:X86 Debug\lab1.exe.embed.manifest.res
         Debug\func.obj
         Debug\source.obj
       Manifest:
         C:\Program Files (x86)\Microsoft SDKs\Windows\v7.0A\bin\mt.exe /nologo /verbose /out:"Debug\lab1.exe.embed.manifest" /manifest Debug\lab1.exe.intermediate.manifest
         Для всех выходных данных обновления не требуется.
       LinkEmbedManifest:
         Для всех выходных данных обновления не требуется.
         lab1.vcxproj -> \\MASTER\Work\19вв2\Аниськин, Пристяжнюк\lab1_\lab1\Debug\lab1.exe
       FinalizeBuildStatus:
         Файл "Debug\lab1.unsuccessfulbuild" удаляется.
         Обращение к "Debug\lab1.lastbuildstate".
     1>Построение проекта "\\MASTER\Work\19вв2\Аниськин, Пристяжнюк\lab1_\lab1\lab1\lab1.vcxproj" завершено (целевые объекты build).

Построение успешно завершено.

Затраченное время: 00:00:02.17
