Build started 28.10.2020 13:09:55.
     1>Project "C:\Users\Никита)\Desktop\сама УЧОБА так называемая\LAB3\Lab3_1\Lab3_1\Lab3_1.vcxproj" on node 2 (Build target(s)).
     1>ClCompile:
         F:\VS\VC\bin\CL.exe /c /ZI /nologo /W3 /WX- /Od /Oy- /D WIN32 /D _DEBUG /D _CONSOLE /D _LIB /D _UNICODE /D UNICODE /Gm /EHsc /RTC1 /MDd /GS /fp:precise /Zc:wchar_t /Zc:forScope /Fo"Debug\\" /Fd"Debug\vc120.pdb" /Gd /TP /analyze- /errorReport:prompt Source.cpp func.cpp
         Source.cpp
         Generating Code...
         Compiling...
         func.cpp
     1>c:\users\никита)\desktop\сама учоба так называемая\lab3\lab3_1\lab3_1\func.cpp(7): warning C4244: 'argument' : conversion from 'time_t' to 'unsigned int', possible loss of data
     1>c:\users\никита)\desktop\сама учоба так называемая\lab3\lab3_1\lab3_1\func.cpp(6): warning C4101: 'b' : unreferenced local variable
     1>c:\users\никита)\desktop\сама учоба так называемая\lab3\lab3_1\lab3_1\func.cpp(102): warning C4244: 'argument' : conversion from 'time_t' to 'unsigned int', possible loss of data
     1>c:\users\никита)\desktop\сама учоба так называемая\lab3\lab3_1\lab3_1\func.cpp(101): warning C4101: 'b' : unreferenced local variable
     1>c:\users\никита)\desktop\сама учоба так называемая\lab3\lab3_1\lab3_1\func.cpp(199): warning C4244: 'argument' : conversion from 'time_t' to 'unsigned int', possible loss of data
     1>c:\users\никита)\desktop\сама учоба так называемая\lab3\lab3_1\lab3_1\func.cpp(293): warning C4244: 'argument' : conversion from 'time_t' to 'unsigned int', possible loss of data
     1>c:\users\никита)\desktop\сама учоба так называемая\lab3\lab3_1\lab3_1\func.cpp(411): warning C4244: 'argument' : conversion from 'time_t' to 'unsigned int', possible loss of data
     1>c:\users\никита)\desktop\сама учоба так называемая\lab3\lab3_1\lab3_1\func.cpp(533): warning C4244: 'argument' : conversion from 'time_t' to 'unsigned int', possible loss of data
     1>c:\users\никита)\desktop\сама учоба так называемая\lab3\lab3_1\lab3_1\func.cpp(654): warning C4244: 'argument' : conversion from 'time_t' to 'unsigned int', possible loss of data
         Generating Code...
       Link:
         F:\VS\VC\bin\link.exe /ERRORREPORT:PROMPT /OUT:"C:\Users\Никита)\Desktop\сама УЧОБА так называемая\LAB3\Lab3_1\Debug\Lab3_1.exe" /INCREMENTAL /NOLOGO kernel32.lib user32.lib gdi32.lib winspool.lib comdlg32.lib advapi32.lib shell32.lib ole32.lib oleaut32.lib uuid.lib odbc32.lib odbccp32.lib /MANIFEST /MANIFESTUAC:"level='asInvoker' uiAccess='false'" /manifest:embed /DEBUG /PDB:"C:\Users\Никита)\Desktop\сама УЧОБА так называемая\LAB3\Lab3_1\Debug\Lab3_1.pdb" /SUBSYSTEM:CONSOLE /TLBID:1 /DYNAMICBASE /NXCOMPAT /IMPLIB:"C:\Users\Никита)\Desktop\сама УЧОБА так называемая\LAB3\Lab3_1\Debug\Lab3_1.lib" /MACHINE:X86 Debug\func.obj
         Debug\Source.obj
         Lab3_1.vcxproj -> C:\Users\Никита)\Desktop\сама УЧОБА так называемая\LAB3\Lab3_1\Debug\Lab3_1.exe
     1>Done Building Project "C:\Users\Никита)\Desktop\сама УЧОБА так называемая\LAB3\Lab3_1\Lab3_1\Lab3_1.vcxproj" (Build target(s)).

Build succeeded.

Time Elapsed 00:00:00.71
