Build started 02.12.2020 11:55:10.
     1>Project "C:\Users\Никита)\Desktop\сама УЧОБА так называемая\LAB 4 СДАТь\Lab4\Lab4\Lab3.vcxproj" on node 2 (Build target(s)).
     1>ClCompile:
         F:\VS\VC\bin\CL.exe /c /ZI /nologo /W3 /WX- /Od /Oy- /D WIN32 /D _DEBUG /D _CONSOLE /D _LIB /D _UNICODE /D UNICODE /Gm /EHsc /RTC1 /MDd /GS /fp:precise /Zc:wchar_t /Zc:forScope /Fo"Debug\\" /Fd"Debug\vc120.pdb" /Gd /TP /analyze- /errorReport:prompt Source.cpp
         Source.cpp
     1>c:\users\никита)\desktop\сама учоба так называемая\lab 4 сдать\lab4\lab4\source.cpp(33): warning C4244: 'argument' : conversion from 'time_t' to 'unsigned int', possible loss of data
     1>c:\users\никита)\desktop\сама учоба так называемая\lab 4 сдать\lab4\lab4\source.cpp(34): warning C4258: 'i' : definition from the for loop is ignored; the definition from the enclosing scope is used
                 c:\users\никита)\desktop\сама учоба так называемая\lab 4 сдать\lab4\lab4\source.cpp(29) : definition of 'i' ignored
                 c:\users\никита)\desktop\сама учоба так называемая\lab 4 сдать\lab4\lab4\source.cpp(7) : definition of 'i' used
     1>c:\users\никита)\desktop\сама учоба так называемая\lab 4 сдать\lab4\lab4\source.cpp(35): warning C4258: 'i' : definition from the for loop is ignored; the definition from the enclosing scope is used
                 c:\users\никита)\desktop\сама учоба так называемая\lab 4 сдать\lab4\lab4\source.cpp(29) : definition of 'i' ignored
                 c:\users\никита)\desktop\сама учоба так называемая\lab 4 сдать\lab4\lab4\source.cpp(7) : definition of 'i' used
     1>c:\users\никита)\desktop\сама учоба так называемая\lab 4 сдать\lab4\lab4\source.cpp(36): warning C4258: 'i' : definition from the for loop is ignored; the definition from the enclosing scope is used
                 c:\users\никита)\desktop\сама учоба так называемая\lab 4 сдать\lab4\lab4\source.cpp(29) : definition of 'i' ignored
                 c:\users\никита)\desktop\сама учоба так называемая\lab 4 сдать\lab4\lab4\source.cpp(7) : definition of 'i' used
     1>c:\users\никита)\desktop\сама учоба так называемая\lab 4 сдать\lab4\lab4\source.cpp(38): warning C4258: 'i' : definition from the for loop is ignored; the definition from the enclosing scope is used
                 c:\users\никита)\desktop\сама учоба так называемая\lab 4 сдать\lab4\lab4\source.cpp(29) : definition of 'i' ignored
                 c:\users\никита)\desktop\сама учоба так называемая\lab 4 сдать\lab4\lab4\source.cpp(7) : definition of 'i' used
     1>c:\users\никита)\desktop\сама учоба так называемая\lab 4 сдать\lab4\lab4\source.cpp(42): warning C4258: 'i' : definition from the for loop is ignored; the definition from the enclosing scope is used
                 c:\users\никита)\desktop\сама учоба так называемая\lab 4 сдать\lab4\lab4\source.cpp(29) : definition of 'i' ignored
                 c:\users\никита)\desktop\сама учоба так называемая\lab 4 сдать\lab4\lab4\source.cpp(7) : definition of 'i' used
     1>c:\users\никита)\desktop\сама учоба так называемая\lab 4 сдать\lab4\lab4\source.cpp(46): warning C4258: 'i' : definition from the for loop is ignored; the definition from the enclosing scope is used
                 c:\users\никита)\desktop\сама учоба так называемая\lab 4 сдать\lab4\lab4\source.cpp(29) : definition of 'i' ignored
                 c:\users\никита)\desktop\сама учоба так называемая\lab 4 сдать\lab4\lab4\source.cpp(7) : definition of 'i' used
     1>c:\users\никита)\desktop\сама учоба так называемая\lab 4 сдать\lab4\lab4\source.cpp(47): warning C4258: 'i' : definition from the for loop is ignored; the definition from the enclosing scope is used
                 c:\users\никита)\desktop\сама учоба так называемая\lab 4 сдать\lab4\lab4\source.cpp(29) : definition of 'i' ignored
                 c:\users\никита)\desktop\сама учоба так называемая\lab 4 сдать\lab4\lab4\source.cpp(7) : definition of 'i' used
     1>c:\users\никита)\desktop\сама учоба так называемая\lab 4 сдать\lab4\lab4\source.cpp(48): warning C4258: 'i' : definition from the for loop is ignored; the definition from the enclosing scope is used
                 c:\users\никита)\desktop\сама учоба так называемая\lab 4 сдать\lab4\lab4\source.cpp(29) : definition of 'i' ignored
                 c:\users\никита)\desktop\сама учоба так называемая\lab 4 сдать\lab4\lab4\source.cpp(7) : definition of 'i' used
     1>c:\users\никита)\desktop\сама учоба так называемая\lab 4 сдать\lab4\lab4\source.cpp(50): warning C4258: 'i' : definition from the for loop is ignored; the definition from the enclosing scope is used
                 c:\users\никита)\desktop\сама учоба так называемая\lab 4 сдать\lab4\lab4\source.cpp(29) : definition of 'i' ignored
                 c:\users\никита)\desktop\сама учоба так называемая\lab 4 сдать\lab4\lab4\source.cpp(7) : definition of 'i' used
     1>c:\users\никита)\desktop\сама учоба так называемая\lab 4 сдать\lab4\lab4\source.cpp(65): warning C4258: 'i' : definition from the for loop is ignored; the definition from the enclosing scope is used
                 c:\users\никита)\desktop\сама учоба так называемая\lab 4 сдать\lab4\lab4\source.cpp(29) : definition of 'i' ignored
                 c:\users\никита)\desktop\сама учоба так называемая\lab 4 сдать\lab4\lab4\source.cpp(7) : definition of 'i' used
     1>c:\users\никита)\desktop\сама учоба так называемая\lab 4 сдать\lab4\lab4\source.cpp(67): warning C4258: 'i' : definition from the for loop is ignored; the definition from the enclosing scope is used
                 c:\users\никита)\desktop\сама учоба так называемая\lab 4 сдать\lab4\lab4\source.cpp(29) : definition of 'i' ignored
                 c:\users\никита)\desktop\сама учоба так называемая\lab 4 сдать\lab4\lab4\source.cpp(7) : definition of 'i' used
     1>c:\users\никита)\desktop\сама учоба так называемая\lab 4 сдать\lab4\lab4\source.cpp(69): warning C4258: 'i' : definition from the for loop is ignored; the definition from the enclosing scope is used
                 c:\users\никита)\desktop\сама учоба так называемая\lab 4 сдать\lab4\lab4\source.cpp(29) : definition of 'i' ignored
                 c:\users\никита)\desktop\сама учоба так называемая\lab 4 сдать\lab4\lab4\source.cpp(7) : definition of 'i' used
     1>c:\users\никита)\desktop\сама учоба так называемая\lab 4 сдать\lab4\lab4\source.cpp(83): warning C4258: 'i' : definition from the for loop is ignored; the definition from the enclosing scope is used
                 c:\users\никита)\desktop\сама учоба так называемая\lab 4 сдать\lab4\lab4\source.cpp(29) : definition of 'i' ignored
                 c:\users\никита)\desktop\сама учоба так называемая\lab 4 сдать\lab4\lab4\source.cpp(7) : definition of 'i' used
     1>c:\users\никита)\desktop\сама учоба так называемая\lab 4 сдать\lab4\lab4\source.cpp(84): warning C4258: 'i' : definition from the for loop is ignored; the definition from the enclosing scope is used
                 c:\users\никита)\desktop\сама учоба так называемая\lab 4 сдать\lab4\lab4\source.cpp(29) : definition of 'i' ignored
                 c:\users\никита)\desktop\сама учоба так называемая\lab 4 сдать\lab4\lab4\source.cpp(7) : definition of 'i' used
       Link:
         F:\VS\VC\bin\link.exe /ERRORREPORT:PROMPT /OUT:"C:\Users\Никита)\Desktop\сама УЧОБА так называемая\LAB 4 СДАТь\Lab4\Lab4\Debug\Lab3.exe" /INCREMENTAL /NOLOGO kernel32.lib user32.lib gdi32.lib winspool.lib comdlg32.lib advapi32.lib shell32.lib ole32.lib oleaut32.lib uuid.lib odbc32.lib odbccp32.lib /MANIFEST /MANIFESTUAC:"level='asInvoker' uiAccess='false'" /manifest:embed /DEBUG /PDB:"C:\Users\Никита)\Desktop\сама УЧОБА так называемая\LAB 4 СДАТь\Lab4\Lab4\Debug\Lab3.pdb" /SUBSYSTEM:CONSOLE /TLBID:1 /DYNAMICBASE /NXCOMPAT /IMPLIB:"C:\Users\Никита)\Desktop\сама УЧОБА так называемая\LAB 4 СДАТь\Lab4\Lab4\Debug\Lab3.lib" /MACHINE:X86 Debug\Source.obj
         Lab3.vcxproj -> C:\Users\Никита)\Desktop\сама УЧОБА так называемая\LAB 4 СДАТь\Lab4\Lab4\Debug\Lab3.exe
     1>Done Building Project "C:\Users\Никита)\Desktop\сама УЧОБА так называемая\LAB 4 СДАТь\Lab4\Lab4\Lab3.vcxproj" (Build target(s)).

Build succeeded.

Time Elapsed 00:00:00.30
